<?xml version="1.0" encoding="UTF-8"?>
<testng-results ignored="0" total="2" passed="2" failed="0" skipped="0">
  <reporter-output>
  </reporter-output>
  <suite started-at="2026-07-13T07:47:14 GMT" name="MasterSuite" finished-at="2026-07-13T07:48:11 GMT" duration-ms="56464">
    <groups>
      <group name="Master">
        <method signature="TC001_AccountRegistrationTest.verifyaccountRegistration()[pri:0, instance:testCases.TC001_AccountRegistrationTest@ec756bd]" name="verifyaccountRegistration" class="testCases.TC001_AccountRegistrationTest"/>
        <method signature="TC002_LoginTest.verifyLogin()[pri:0, instance:testCases.TC002_LoginTest@3d121db3]" name="verifyLogin" class="testCases.TC002_LoginTest"/>
      </group> <!-- Master -->
      <group name="Sanity">
        <method signature="TC001_AccountRegistrationTest.verifyaccountRegistration()[pri:0, instance:testCases.TC001_AccountRegistrationTest@ec756bd]" name="verifyaccountRegistration" class="testCases.TC001_AccountRegistrationTest"/>
      </group> <!-- Sanity -->
      <group name="Regression">
        <method signature="TC002_LoginTest.verifyLogin()[pri:0, instance:testCases.TC002_LoginTest@3d121db3]" name="verifyLogin" class="testCases.TC002_LoginTest"/>
      </group> <!-- Regression -->
    </groups>
    <test started-at="2026-07-13T07:47:14 GMT" name="Test" finished-at="2026-07-13T07:48:11 GMT" duration-ms="56464">
      <class name="testCases.TC002_LoginTest">
        <test-method is-config="true" signature="launchBrowser(java.lang.String,java.lang.String)[pri:0, instance:testCases.TC002_LoginTest@3d121db3]" started-at="2026-07-13T07:47:48 GMT" name="launchBrowser" finished-at="2026-07-13T07:47:51 GMT" duration-ms="2693" status="PASS">
          <params>
            <param index="0">
              <value>
                <![CDATA[linux]]>
              </value>
            </param>
            <param index="1">
              <value>
                <![CDATA[firefox]]>
              </value>
            </param>
          </params>
          <reporter-output>
          </reporter-output>
        </test-method> <!-- launchBrowser -->
        <test-method is-config="true" signature="createContextAndPage()[pri:0, instance:testCases.TC002_LoginTest@3d121db3]" started-at="2026-07-13T07:47:51 GMT" name="createContextAndPage" finished-at="2026-07-13T07:47:58 GMT" duration-ms="7734" status="PASS">
          <reporter-output>
          </reporter-output>
        </test-method> <!-- createContextAndPage -->
        <test-method signature="verifyLogin()[pri:0, instance:testCases.TC002_LoginTest@3d121db3]" started-at="2026-07-13T07:47:58 GMT" name="verifyLogin" finished-at="2026-07-13T07:48:05 GMT" duration-ms="6460" status="PASS">
          <reporter-output>
          </reporter-output>
        </test-method> <!-- verifyLogin -->
        <test-method is-config="true" signature="closeContext(org.testng.ITestResult)[pri:0, instance:testCases.TC002_LoginTest@3d121db3]" started-at="2026-07-13T07:48:05 GMT" name="closeContext" finished-at="2026-07-13T07:48:08 GMT" duration-ms="3098" status="PASS">
          <params>
            <param index="0">
              <value>
                <![CDATA[[TestResult name=verifyLogin status=SUCCESS method=TC002_LoginTest.verifyLogin()[pri:0, instance:testCases.TC002_LoginTest@3d121db3] output={null}]]]>
              </value>
            </param>
          </params>
          <reporter-output>
          </reporter-output>
        </test-method> <!-- closeContext -->
        <test-method is-config="true" signature="closeBrowser()[pri:0, instance:testCases.TC002_LoginTest@3d121db3]" started-at="2026-07-13T07:48:08 GMT" name="closeBrowser" finished-at="2026-07-13T07:48:11 GMT" duration-ms="2675" status="PASS">
          <reporter-output>
          </reporter-output>
        </test-method> <!-- closeBrowser -->
      </class> <!-- testCases.TC002_LoginTest -->
      <class name="testCases.TC001_AccountRegistrationTest">
        <test-method is-config="true" signature="launchBrowser(java.lang.String,java.lang.String)[pri:0, instance:testCases.TC001_AccountRegistrationTest@ec756bd]" started-at="2026-07-13T07:47:16 GMT" name="launchBrowser" finished-at="2026-07-13T07:47:22 GMT" duration-ms="6204" status="PASS">
          <params>
            <param index="0">
              <value>
                <![CDATA[linux]]>
              </value>
            </param>
            <param index="1">
              <value>
                <![CDATA[firefox]]>
              </value>
            </param>
          </params>
          <reporter-output>
          </reporter-output>
        </test-method> <!-- launchBrowser -->
        <test-method is-config="true" signature="createContextAndPage()[pri:0, instance:testCases.TC001_AccountRegistrationTest@ec756bd]" started-at="2026-07-13T07:47:22 GMT" name="createContextAndPage" finished-at="2026-07-13T07:47:36 GMT" duration-ms="13834" status="PASS">
          <reporter-output>
          </reporter-output>
        </test-method> <!-- createContextAndPage -->
        <test-method signature="verifyaccountRegistration()[pri:0, instance:testCases.TC001_AccountRegistrationTest@ec756bd]" started-at="2026-07-13T07:47:36 GMT" name="verifyaccountRegistration" finished-at="2026-07-13T07:47:44 GMT" duration-ms="7972" status="PASS">
          <reporter-output>
          </reporter-output>
        </test-method> <!-- verifyaccountRegistration -->
        <test-method is-config="true" signature="closeContext(org.testng.ITestResult)[pri:0, instance:testCases.TC001_AccountRegistrationTest@ec756bd]" started-at="2026-07-13T07:47:44 GMT" name="closeContext" finished-at="2026-07-13T07:47:47 GMT" duration-ms="2772" status="PASS">
          <params>
            <param index="0">
              <value>
                <![CDATA[[TestResult name=verifyaccountRegistration status=SUCCESS method=TC001_AccountRegistrationTest.verifyaccountRegistration()[pri:0, instance:testCases.TC001_AccountRegistrationTest@ec756bd] output={null}]]]>
              </value>
            </param>
          </params>
          <reporter-output>
          </reporter-output>
        </test-method> <!-- closeContext -->
        <test-method is-config="true" signature="closeBrowser()[pri:0, instance:testCases.TC001_AccountRegistrationTest@ec756bd]" started-at="2026-07-13T07:47:47 GMT" name="closeBrowser" finished-at="2026-07-13T07:47:48 GMT" duration-ms="1232" status="PASS">
          <reporter-output>
          </reporter-output>
        </test-method> <!-- closeBrowser -->
      </class> <!-- testCases.TC001_AccountRegistrationTest -->
    </test> <!-- Test -->
  </suite> <!-- MasterSuite -->
</testng-results>
