<?xml version="1.0" encoding="UTF-8"?>
<testsuite xmlns:xsi="http://www.w3.org/2001/XMLSchema-instance" xsi:noNamespaceSchemaLocation="https://maven.apache.org/surefire/maven-surefire-plugin/xsd/surefire-test-report-3.0.xsd" version="3.0" name="TestSuite" time="62.425" tests="2" errors="0" skipped="0" failures="0">
  <properties>
[...]
</properties>
  <testcase name="verifyaccountRegistration" classname="testCases.TC001_AccountRegistrationTest" time="8.282">
    <system-out><![CDATA[2026-07-13T07:47:25.973995769Z main INFO Starting configuration XmlConfiguration[location=/app/target/test-classes/log4j2.xml, lastModified=2026-07-13T07:46:58.592Z]...
2026-07-13T07:47:25.982923993Z main INFO Configuration XmlConfiguration[location=/app/target/test-classes/log4j2.xml, lastModified=2026-07-13T07:46:58.592Z] started.
2026-07-13T07:47:25.992229765Z main INFO Stopping configuration org.apache.logging.log4j.core.config.DefaultConfiguration@6c25e6c4...
2026-07-13T07:47:25.993599505Z main INFO Configuration org.apache.logging.log4j.core.config.DefaultConfiguration@6c25e6c4 stopped.
]]></system-out>
    <system-err><![CDATA[SLF4J(W): No SLF4J providers were found.
SLF4J(W): Defaulting to no-operation (NOP) logger implementation
SLF4J(W): See https://www.slf4j.org/codes.html#noProviders for further details.
]]></system-err>
  </testcase>
  <testcase name="verifyLogin" classname="testCases.TC002_LoginTest" time="6.494">
    <system-out><![CDATA[Targetpage:true
]]></system-out>
  </testcase>
</testsuite>